[INFO ] 20-04-2024 07-39-01 PM [main] Base 35 - ---
[INFO ] 20-04-2024 07-39-14 PM [main] StepDef_O_HRM_LoginPage 32 - userName Entered
[INFO ] 20-04-2024 07-39-14 PM [main] StepDef_O_HRM_LoginPage 38 - password Entered
[INFO ] 20-04-2024 07-39-15 PM [main] StepDef_O_HRM_LoginPage 44 - clicked on Loginbutton
[INFO ] 20-04-2024 07-50-12 PM [main] Base 35 - ---
[INFO ] 20-04-2024 07-50-28 PM [main] StepDef_O_HRM_LoginPage 32 - userName Entered
[INFO ] 20-04-2024 07-50-28 PM [main] StepDef_O_HRM_LoginPage 38 - password Entered
[INFO ] 20-04-2024 07-50-30 PM [main] StepDef_O_HRM_LoginPage 44 - clicked on Loginbutton
[INFO ] 21-04-2024 08-04-51 PM [main] Base 35 - ---
[INFO ] 21-04-2024 08-05-12 PM [main] StepDef_O_HRM_LoginPage 32 - userName Entered
[INFO ] 21-04-2024 08-05-12 PM [main] StepDef_O_HRM_LoginPage 38 - password Entered
[INFO ] 21-04-2024 08-05-18 PM [main] StepDef_O_HRM_LoginPage 44 - clicked on Loginbutton
[INFO ] 21-04-2024 08-06-20 PM [main] Base 35 - ---
[INFO ] 21-04-2024 08-06-35 PM [main] StepDef_O_HRM_LoginPage 32 - userName Entered
[INFO ] 21-04-2024 08-06-35 PM [main] StepDef_O_HRM_LoginPage 38 - password Entered
[INFO ] 21-04-2024 08-06-37 PM [main] StepDef_O_HRM_LoginPage 44 - clicked on Loginbutton
[INFO ] 21-04-2024 08-08-00 PM [main] Base 35 - ---
[INFO ] 21-04-2024 08-08-19 PM [main] StepDef_O_HRM_LoginPage 32 - userName Entered
[INFO ] 21-04-2024 08-08-19 PM [main] StepDef_O_HRM_LoginPage 38 - password Entered
[INFO ] 21-04-2024 08-08-21 PM [main] StepDef_O_HRM_LoginPage 44 - clicked on Loginbutton
[INFO ] 21-04-2024 08-09-47 PM [main] Base 35 - ---
[INFO ] 21-04-2024 08-10-10 PM [main] StepDef_O_HRM_LoginPage 32 - userName Entered
[INFO ] 21-04-2024 08-10-10 PM [main] StepDef_O_HRM_LoginPage 38 - password Entered
[INFO ] 21-04-2024 08-10-12 PM [main] StepDef_O_HRM_LoginPage 44 - clicked on Loginbutton
[INFO ] 21-04-2024 08-18-21 PM [main] Base 35 - ---
[INFO ] 21-04-2024 08-19-12 PM [main] StepDef_O_HRM_LoginPage 32 - userName Entered
[INFO ] 21-04-2024 08-19-12 PM [main] StepDef_O_HRM_LoginPage 38 - password Entered
[INFO ] 21-04-2024 08-19-29 PM [main] StepDef_O_HRM_LoginPage 44 - clicked on Loginbutton
[INFO ] 21-04-2024 09-11-49 PM [main] Base 35 - ---
[INFO ] 21-04-2024 09-12-04 PM [main] Hooks 21 - Scenario Executing Start :-Login feature using Safeway valid credentials
[INFO ] 21-04-2024 09-14-18 PM [main] Base 35 - ---
[INFO ] 21-04-2024 09-14-31 PM [main] Hooks 21 - Scenario Executing Start :-Login feature using Safeway valid credentials
[INFO ] 21-04-2024 09-24-45 PM [main] Base 35 - ---
[INFO ] 21-04-2024 09-24-54 PM [main] Hooks 21 - Scenario Executing Start :-Login feature using Safeway valid credentials
[INFO ] 21-04-2024 09-24-54 PM [main] Base 35 - ---
[INFO ] 21-04-2024 09-27-53 PM [main] Base 35 - ---
[INFO ] 21-04-2024 09-30-38 PM [main] Base 35 - ---
[INFO ] 21-04-2024 09-33-24 PM [main] Base 35 - ---
[INFO ] 21-04-2024 09-38-44 PM [main] Base 35 - ---
[INFO ] 21-04-2024 09-39-37 PM [main] Base 35 - ---
[INFO ] 24-04-2024 12-21-23 PM [main] Base 35 - ---
[INFO ] 24-04-2024 12-21-58 PM [main] Base 35 - ---
[INFO ] 24-04-2024 12-37-16 PM [main] Base 35 - ---
[INFO ] 09-05-2024 03-40-50 PM [main] Base 35 - ---
[INFO ] 09-05-2024 03-51-49 PM [main] Base 35 - ---
[INFO ] 09-05-2024 03-57-50 PM [main] Base 35 - ---
[INFO ] 09-05-2024 04-24-42 PM [main] Base 35 - ---
[INFO ] 09-05-2024 04-26-26 PM [main] Base 35 - ---
[INFO ] 09-05-2024 04-43-41 PM [main] Base 35 - ---
[INFO ] 09-05-2024 04-45-16 PM [main] Base 35 - ---
[INFO ] 09-05-2024 04-50-01 PM [main] Base 35 - ---
[INFO ] 09-05-2024 04-52-35 PM [main] Base 35 - ---
[INFO ] 09-05-2024 04-55-36 PM [main] Base 35 - ---
[INFO ] 09-05-2024 05-03-24 PM [main] Base 35 - ---
[INFO ] 09-05-2024 05-06-52 PM [main] Base 35 - ---
[INFO ] 09-05-2024 05-11-16 PM [main] Base 35 - ---
[INFO ] 09-05-2024 05-12-36 PM [main] Base 35 - ---
[INFO ] 09-05-2024 05-20-08 PM [main] Base 35 - ---
[INFO ] 09-05-2024 05-21-22 PM [main] Base 35 - ---
[INFO ] 09-05-2024 05-39-11 PM [main] Base 35 - ---
[INFO ] 09-05-2024 05-39-15 PM [main] Hooks 21 - Scenario Executing Start :-Login SwagLabs with valid credetials
[INFO ] 09-05-2024 05-39-15 PM [main] Base 35 - ---
[INFO ] 09-05-2024 05-55-23 PM [main] Base 35 - ---
[INFO ] 09-05-2024 05-58-00 PM [main] Base 35 - ---
[INFO ] 09-05-2024 06-00-59 PM [main] Base 35 - ---
[INFO ] 09-05-2024 06-03-01 PM [main] Base 35 - ---
[INFO ] 09-05-2024 06-09-58 PM [main] Base 35 - ---
[INFO ] 09-05-2024 06-11-32 PM [main] Base 35 - ---
[INFO ] 09-05-2024 06-13-55 PM [main] Base 35 - ---
[INFO ] 09-05-2024 06-31-03 PM [main] Base 35 - ---
[INFO ] 09-05-2024 06-39-34 PM [main] Base 35 - ---
[INFO ] 09-05-2024 06-47-12 PM [main] Base 35 - ---
